build/app/intermediates/manifest_merge_blame_file/debug/manifest-merger-blame-debug-report.txt
1<?xml version="1.0" encoding="utf-8"?>
2<manifest xmlns:android="http://schemas.android.com/apk/res/android"
3    package="com.tgknyhn.carpetiem"
4    android:versionCode="1"
5    android:versionName="1.0.0" >
6
7    <uses-sdk
8        android:minSdkVersion="20"
9        android:targetSdkVersion="30" />
10    <!--
11         Flutter needs it to communicate with the running application
12         to allow setting breakpoints, to provide hot reload, etc.
13    -->
14    <uses-permission android:name="android.permission.INTERNET" />
14-->src\debug\AndroidManifest.xml:6:5-66
14-->src\debug\AndroidManifest.xml:6:22-64
15    <uses-permission android:name="android.permission.ACCESS_NETWORK_STATE" />
15-->[com.google.firebase:firebase-auth:21.0.1] AndroidManifest.xml:24:5-79
15-->[com.google.firebase:firebase-auth:21.0.1] AndroidManifest.xml:24:22-76
16    <uses-permission android:name="android.permission.CAMERA" /> <!-- Don't require camera, as this requires a rear camera. This allows it to work on the Nexus 7 -->
16-->[com.journeyapps:zxing-android-embedded:4.2.0] AndroidManifest.xml:22:5-65
16-->[com.journeyapps:zxing-android-embedded:4.2.0] AndroidManifest.xml:22:22-62
17    <uses-feature
17-->[com.journeyapps:zxing-android-embedded:4.2.0] AndroidManifest.xml:25:5-27:36
18        android:name="android.hardware.camera"
18-->[com.journeyapps:zxing-android-embedded:4.2.0] AndroidManifest.xml:26:9-47
19        android:required="false" />
19-->[com.journeyapps:zxing-android-embedded:4.2.0] AndroidManifest.xml:27:9-33
20    <uses-feature
20-->[com.journeyapps:zxing-android-embedded:4.2.0] AndroidManifest.xml:28:5-30:36
21        android:name="android.hardware.camera.front"
21-->[com.journeyapps:zxing-android-embedded:4.2.0] AndroidManifest.xml:29:9-53
22        android:required="false" /> <!-- TODO replace above two with next line after Android 4.2 -->
22-->[com.journeyapps:zxing-android-embedded:4.2.0] AndroidManifest.xml:30:9-33
23    <!-- <uses-feature android:name="android.hardware.camera.any"/> -->
24    <uses-feature
24-->[com.journeyapps:zxing-android-embedded:4.2.0] AndroidManifest.xml:33:5-35:36
25        android:name="android.hardware.camera.autofocus"
25-->[com.journeyapps:zxing-android-embedded:4.2.0] AndroidManifest.xml:34:9-57
26        android:required="false" />
26-->[com.journeyapps:zxing-android-embedded:4.2.0] AndroidManifest.xml:35:9-33
27    <uses-feature
27-->[com.journeyapps:zxing-android-embedded:4.2.0] AndroidManifest.xml:36:5-38:36
28        android:name="android.hardware.camera.flash"
28-->[com.journeyapps:zxing-android-embedded:4.2.0] AndroidManifest.xml:37:9-53
29        android:required="false" />
29-->[com.journeyapps:zxing-android-embedded:4.2.0] AndroidManifest.xml:38:9-33
30    <uses-feature
30-->[com.journeyapps:zxing-android-embedded:4.2.0] AndroidManifest.xml:39:5-41:36
31        android:name="android.hardware.screen.landscape"
31-->[com.journeyapps:zxing-android-embedded:4.2.0] AndroidManifest.xml:40:9-57
32        android:required="false" />
32-->[com.journeyapps:zxing-android-embedded:4.2.0] AndroidManifest.xml:41:9-33
33    <uses-feature
33-->[com.journeyapps:zxing-android-embedded:4.2.0] AndroidManifest.xml:42:5-44:36
34        android:name="android.hardware.wifi"
34-->[com.journeyapps:zxing-android-embedded:4.2.0] AndroidManifest.xml:43:9-45
35        android:required="false" />
35-->[com.journeyapps:zxing-android-embedded:4.2.0] AndroidManifest.xml:44:9-33
36
37    <application
37-->src\main\AndroidManifest.xml:3:4-40:19
38        android:name="androidx.multidex.MultiDexApplication"
39        android:appComponentFactory="androidx.core.app.CoreComponentFactory"
39-->[androidx.core:core:1.5.0] AndroidManifest.xml:24:18-86
40        android:debuggable="true"
41        android:icon="@mipmap/ic_launcher"
41-->src\main\AndroidManifest.xml:5:9-43
42        android:label="qr_code" >
42-->src\main\AndroidManifest.xml:4:9-32
43        <activity
43-->src\main\AndroidManifest.xml:6:9-34:20
44            android:name="com.example.qr_code.MainActivity"
44-->src\main\AndroidManifest.xml:7:13-41
45            android:configChanges="orientation|keyboardHidden|keyboard|screenSize|smallestScreenSize|locale|layoutDirection|fontScale|screenLayout|density|uiMode"
45-->src\main\AndroidManifest.xml:10:13-163
46            android:hardwareAccelerated="true"
46-->src\main\AndroidManifest.xml:11:13-47
47            android:launchMode="singleTop"
47-->src\main\AndroidManifest.xml:8:13-43
48            android:theme="@style/LaunchTheme"
48-->src\main\AndroidManifest.xml:9:13-47
49            android:windowSoftInputMode="adjustResize" >
49-->src\main\AndroidManifest.xml:12:13-55
50
51            <!--
52                 Specifies an Android theme to apply to this Activity as soon as
53                 the Android process has started. This theme is visible to the user
54                 while the Flutter UI initializes. After that, this theme continues
55                 to determine the Window background behind the Flutter UI.
56            -->
57            <meta-data
57-->src\main\AndroidManifest.xml:17:13-20:17
58                android:name="io.flutter.embedding.android.NormalTheme"
58-->src\main\AndroidManifest.xml:18:15-70
59                android:resource="@style/NormalTheme" />
59-->src\main\AndroidManifest.xml:19:15-52
60            <!--
61                 Displays an Android View that continues showing the launch screen
62                 Drawable until Flutter paints its first frame, then this splash
63                 screen fades out. A splash screen is useful to avoid any visual
64                 gap between the end of Android's launch screen and the painting of
65                 Flutter's first frame.
66            -->
67            <meta-data
67-->src\main\AndroidManifest.xml:26:13-29:17
68                android:name="io.flutter.embedding.android.SplashScreenDrawable"
68-->src\main\AndroidManifest.xml:27:15-79
69                android:resource="@drawable/launch_background" />
69-->src\main\AndroidManifest.xml:28:15-61
70
71            <intent-filter>
71-->src\main\AndroidManifest.xml:30:13-33:29
72                <action android:name="android.intent.action.MAIN" />
72-->src\main\AndroidManifest.xml:31:17-68
72-->src\main\AndroidManifest.xml:31:25-66
73
74                <category android:name="android.intent.category.LAUNCHER" />
74-->src\main\AndroidManifest.xml:32:17-76
74-->src\main\AndroidManifest.xml:32:27-74
75            </intent-filter>
76        </activity>
77        <!--
78             Don't delete the meta-data below.
79             This is used by the Flutter tool to generate GeneratedPluginRegistrant.java
80        -->
81        <meta-data
81-->src\main\AndroidManifest.xml:37:9-39:33
82            android:name="flutterEmbedding"
82-->src\main\AndroidManifest.xml:38:13-44
83            android:value="2" />
83-->src\main\AndroidManifest.xml:39:13-30
84
85        <service
85-->[:firebase_auth] AndroidManifest.xml:8:9-12:19
86            android:name="com.google.firebase.components.ComponentDiscoveryService"
86-->[:firebase_auth] AndroidManifest.xml:8:18-89
87            android:directBootAware="true"
87-->[com.google.firebase:firebase-common:20.0.0] AndroidManifest.xml:35:13-43
88            android:exported="false" >
88-->[com.google.firebase:firebase-auth:21.0.1] AndroidManifest.xml:76:13-37
89            <meta-data
89-->[:firebase_auth] AndroidManifest.xml:9:13-11:85
90                android:name="com.google.firebase.components:io.flutter.plugins.firebase.auth.FlutterFirebaseAuthRegistrar"
90-->[:firebase_auth] AndroidManifest.xml:10:17-124
91                android:value="com.google.firebase.components.ComponentRegistrar" />
91-->[:firebase_auth] AndroidManifest.xml:11:17-82
92            <meta-data
92-->[:cloud_firestore] AndroidManifest.xml:9:13-11:85
93                android:name="com.google.firebase.components:io.flutter.plugins.firebase.firestore.FlutterFirebaseFirestoreRegistrar"
93-->[:cloud_firestore] AndroidManifest.xml:10:17-134
94                android:value="com.google.firebase.components.ComponentRegistrar" />
94-->[:cloud_firestore] AndroidManifest.xml:11:17-82
95            <meta-data
95-->[:firebase_core] AndroidManifest.xml:9:13-11:85
96                android:name="com.google.firebase.components:io.flutter.plugins.firebase.core.FlutterFirebaseCoreRegistrar"
96-->[:firebase_core] AndroidManifest.xml:10:17-124
97                android:value="com.google.firebase.components.ComponentRegistrar" />
97-->[:firebase_core] AndroidManifest.xml:11:17-82
98            <meta-data
98-->[com.google.firebase:firebase-auth:21.0.1] AndroidManifest.xml:77:13-79:85
99                android:name="com.google.firebase.components:com.google.firebase.auth.FirebaseAuthRegistrar"
99-->[com.google.firebase:firebase-auth:21.0.1] AndroidManifest.xml:78:17-109
100                android:value="com.google.firebase.components.ComponentRegistrar" />
100-->[com.google.firebase:firebase-auth:21.0.1] AndroidManifest.xml:79:17-82
101            <meta-data
101-->[com.google.firebase:firebase-firestore:24.0.0] AndroidManifest.xml:20:13-22:85
102                android:name="com.google.firebase.components:com.google.firebase.firestore.FirestoreRegistrar"
102-->[com.google.firebase:firebase-firestore:24.0.0] AndroidManifest.xml:21:17-111
103                android:value="com.google.firebase.components.ComponentRegistrar" />
103-->[com.google.firebase:firebase-firestore:24.0.0] AndroidManifest.xml:22:17-82
104        </service>
105
106        <activity
106-->[com.google.firebase:firebase-auth:21.0.1] AndroidManifest.xml:27:9-44:20
107            android:name="com.google.firebase.auth.internal.GenericIdpActivity"
107-->[com.google.firebase:firebase-auth:21.0.1] AndroidManifest.xml:28:13-80
108            android:excludeFromRecents="true"
108-->[com.google.firebase:firebase-auth:21.0.1] AndroidManifest.xml:29:13-46
109            android:exported="true"
109-->[com.google.firebase:firebase-auth:21.0.1] AndroidManifest.xml:30:13-36
110            android:launchMode="singleTask"
110-->[com.google.firebase:firebase-auth:21.0.1] AndroidManifest.xml:31:13-44
111            android:theme="@android:style/Theme.Translucent.NoTitleBar" >
111-->[com.google.firebase:firebase-auth:21.0.1] AndroidManifest.xml:32:13-72
112            <intent-filter>
112-->[com.google.firebase:firebase-auth:21.0.1] AndroidManifest.xml:33:13-43:29
113                <action android:name="android.intent.action.VIEW" />
113-->[com.google.firebase:firebase-auth:21.0.1] AndroidManifest.xml:34:17-69
113-->[com.google.firebase:firebase-auth:21.0.1] AndroidManifest.xml:34:25-66
114
115                <category android:name="android.intent.category.DEFAULT" />
115-->[com.google.firebase:firebase-auth:21.0.1] AndroidManifest.xml:36:17-76
115-->[com.google.firebase:firebase-auth:21.0.1] AndroidManifest.xml:36:27-73
116                <category android:name="android.intent.category.BROWSABLE" />
116-->[com.google.firebase:firebase-auth:21.0.1] AndroidManifest.xml:37:17-78
116-->[com.google.firebase:firebase-auth:21.0.1] AndroidManifest.xml:37:27-75
117
118                <data
118-->[com.google.firebase:firebase-auth:21.0.1] AndroidManifest.xml:39:17-42:51
119                    android:host="firebase.auth"
119-->[com.google.firebase:firebase-auth:21.0.1] AndroidManifest.xml:40:21-49
120                    android:path="/"
120-->[com.google.firebase:firebase-auth:21.0.1] AndroidManifest.xml:41:21-37
121                    android:scheme="genericidp" />
121-->[com.google.firebase:firebase-auth:21.0.1] AndroidManifest.xml:42:21-48
122            </intent-filter>
123        </activity>
124        <activity
124-->[com.google.firebase:firebase-auth:21.0.1] AndroidManifest.xml:45:9-62:20
125            android:name="com.google.firebase.auth.internal.RecaptchaActivity"
125-->[com.google.firebase:firebase-auth:21.0.1] AndroidManifest.xml:46:13-79
126            android:excludeFromRecents="true"
126-->[com.google.firebase:firebase-auth:21.0.1] AndroidManifest.xml:47:13-46
127            android:exported="true"
127-->[com.google.firebase:firebase-auth:21.0.1] AndroidManifest.xml:48:13-36
128            android:launchMode="singleTask"
128-->[com.google.firebase:firebase-auth:21.0.1] AndroidManifest.xml:49:13-44
129            android:theme="@android:style/Theme.Translucent.NoTitleBar" >
129-->[com.google.firebase:firebase-auth:21.0.1] AndroidManifest.xml:50:13-72
130            <intent-filter>
130-->[com.google.firebase:firebase-auth:21.0.1] AndroidManifest.xml:51:13-61:29
131                <action android:name="android.intent.action.VIEW" />
131-->[com.google.firebase:firebase-auth:21.0.1] AndroidManifest.xml:34:17-69
131-->[com.google.firebase:firebase-auth:21.0.1] AndroidManifest.xml:34:25-66
132
133                <category android:name="android.intent.category.DEFAULT" />
133-->[com.google.firebase:firebase-auth:21.0.1] AndroidManifest.xml:36:17-76
133-->[com.google.firebase:firebase-auth:21.0.1] AndroidManifest.xml:36:27-73
134                <category android:name="android.intent.category.BROWSABLE" />
134-->[com.google.firebase:firebase-auth:21.0.1] AndroidManifest.xml:37:17-78
134-->[com.google.firebase:firebase-auth:21.0.1] AndroidManifest.xml:37:27-75
135
136                <data
136-->[com.google.firebase:firebase-auth:21.0.1] AndroidManifest.xml:39:17-42:51
137                    android:host="firebase.auth"
137-->[com.google.firebase:firebase-auth:21.0.1] AndroidManifest.xml:40:21-49
138                    android:path="/"
138-->[com.google.firebase:firebase-auth:21.0.1] AndroidManifest.xml:41:21-37
139                    android:scheme="recaptcha" />
139-->[com.google.firebase:firebase-auth:21.0.1] AndroidManifest.xml:42:21-48
140            </intent-filter>
141        </activity>
142
143        <service
143-->[com.google.firebase:firebase-auth:21.0.1] AndroidManifest.xml:64:9-73:19
144            android:name="com.google.firebase.auth.api.fallback.service.FirebaseAuthFallbackService"
144-->[com.google.firebase:firebase-auth:21.0.1] AndroidManifest.xml:65:13-101
145            android:enabled="true"
145-->[com.google.firebase:firebase-auth:21.0.1] AndroidManifest.xml:66:13-35
146            android:exported="false" >
146-->[com.google.firebase:firebase-auth:21.0.1] AndroidManifest.xml:67:13-37
147            <intent-filter>
147-->[com.google.firebase:firebase-auth:21.0.1] AndroidManifest.xml:68:13-72:29
148                <action android:name="com.google.firebase.auth.api.gms.service.START" />
148-->[com.google.firebase:firebase-auth:21.0.1] AndroidManifest.xml:69:17-89
148-->[com.google.firebase:firebase-auth:21.0.1] AndroidManifest.xml:69:25-86
149
150                <category android:name="android.intent.category.DEFAULT" />
150-->[com.google.firebase:firebase-auth:21.0.1] AndroidManifest.xml:36:17-76
150-->[com.google.firebase:firebase-auth:21.0.1] AndroidManifest.xml:36:27-73
151            </intent-filter>
152        </service>
153
154        <provider
154-->[com.google.firebase:firebase-common:20.0.0] AndroidManifest.xml:26:9-31:39
155            android:name="com.google.firebase.provider.FirebaseInitProvider"
155-->[com.google.firebase:firebase-common:20.0.0] AndroidManifest.xml:27:13-77
156            android:authorities="com.tgknyhn.carpetiem.firebaseinitprovider"
156-->[com.google.firebase:firebase-common:20.0.0] AndroidManifest.xml:28:13-72
157            android:directBootAware="true"
157-->[com.google.firebase:firebase-common:20.0.0] AndroidManifest.xml:29:13-43
158            android:exported="false"
158-->[com.google.firebase:firebase-common:20.0.0] AndroidManifest.xml:30:13-37
159            android:initOrder="100" />
159-->[com.google.firebase:firebase-common:20.0.0] AndroidManifest.xml:31:13-36
160
161        <activity
161-->[com.google.android.gms:play-services-base:17.1.0] AndroidManifest.xml:23:9-26:75
162            android:name="com.google.android.gms.common.api.GoogleApiActivity"
162-->[com.google.android.gms:play-services-base:17.1.0] AndroidManifest.xml:24:13-79
163            android:exported="false"
163-->[com.google.android.gms:play-services-base:17.1.0] AndroidManifest.xml:25:13-37
164            android:theme="@android:style/Theme.Translucent.NoTitleBar" />
164-->[com.google.android.gms:play-services-base:17.1.0] AndroidManifest.xml:26:13-72
165
166        <meta-data
166-->[com.google.android.gms:play-services-basement:17.1.0] AndroidManifest.xml:23:9-25:69
167            android:name="com.google.android.gms.version"
167-->[com.google.android.gms:play-services-basement:17.1.0] AndroidManifest.xml:24:13-58
168            android:value="@integer/google_play_services_version" />
168-->[com.google.android.gms:play-services-basement:17.1.0] AndroidManifest.xml:25:13-66
169
170        <activity
170-->[com.journeyapps:zxing-android-embedded:4.2.0] AndroidManifest.xml:47:9-53:63
171            android:name="com.journeyapps.barcodescanner.CaptureActivity"
171-->[com.journeyapps:zxing-android-embedded:4.2.0] AndroidManifest.xml:48:13-74
172            android:clearTaskOnLaunch="true"
172-->[com.journeyapps:zxing-android-embedded:4.2.0] AndroidManifest.xml:49:13-45
173            android:screenOrientation="sensorLandscape"
173-->[com.journeyapps:zxing-android-embedded:4.2.0] AndroidManifest.xml:50:13-56
174            android:stateNotNeeded="true"
174-->[com.journeyapps:zxing-android-embedded:4.2.0] AndroidManifest.xml:51:13-42
175            android:theme="@style/zxing_CaptureTheme"
175-->[com.journeyapps:zxing-android-embedded:4.2.0] AndroidManifest.xml:52:13-54
176            android:windowSoftInputMode="stateAlwaysHidden" />
176-->[com.journeyapps:zxing-android-embedded:4.2.0] AndroidManifest.xml:53:13-60
177    </application>
178
179</manifest>